2025-05-16T20:27:53.281+07:00  INFO 16452 --- [j2ee] [restartedMain] j2ee.j2ee.J2eeApplication                : Starting J2eeApplication using Java 21.0.6 with PID 16452 (C:\j2ee\doan\j2ee\backend\target\classes started by 84967 in C:\j2ee\doan\j2ee\backend)
2025-05-16T20:27:53.283+07:00  INFO 16452 --- [j2ee] [restartedMain] j2ee.j2ee.J2eeApplication                : No active profile set, falling back to 1 default profile: "default"
2025-05-16T20:27:53.534+07:00  INFO 16452 --- [j2ee] [restartedMain] .s.d.r.c.RepositoryConfigurationDelegate : Bootstrapping Spring Data JPA repositories in DEFAULT mode.
2025-05-16T20:27:53.575+07:00  INFO 16452 --- [j2ee] [restartedMain] .s.d.r.c.RepositoryConfigurationDelegate : Finished Spring Data repository scanning in 38 ms. Found 8 JPA repository interfaces.
2025-05-16T20:27:53.753+07:00  INFO 16452 --- [j2ee] [restartedMain] o.s.b.w.embedded.tomcat.TomcatWebServer  : Tomcat initialized with port 8080 (http)
2025-05-16T20:27:53.756+07:00  INFO 16452 --- [j2ee] [restartedMain] o.apache.catalina.core.StandardService   : Starting service [Tomcat]
2025-05-16T20:27:53.756+07:00  INFO 16452 --- [j2ee] [restartedMain] o.apache.catalina.core.StandardEngine    : Starting Servlet engine: [Apache Tomcat/10.1.34]
2025-05-16T20:27:53.774+07:00  INFO 16452 --- [j2ee] [restartedMain] o.a.c.c.C.[Tomcat].[localhost].[/]       : Initializing Spring embedded WebApplicationContext
2025-05-16T20:27:53.774+07:00  INFO 16452 --- [j2ee] [restartedMain] w.s.c.ServletWebServerApplicationContext : Root WebApplicationContext: initialization completed in 485 ms
2025-05-16T20:27:53.824+07:00  INFO 16452 --- [j2ee] [restartedMain] o.s.o.j.p.SpringPersistenceUnitInfo      : No LoadTimeWeaver setup: ignoring JPA class transformer
2025-05-16T20:27:53.827+07:00  INFO 16452 --- [j2ee] [restartedMain] com.zaxxer.hikari.HikariDataSource       : HikariPool-6 - Starting...
2025-05-16T20:27:53.832+07:00  INFO 16452 --- [j2ee] [restartedMain] com.zaxxer.hikari.pool.HikariPool        : HikariPool-6 - Added connection com.mysql.cj.jdbc.ConnectionImpl@2d9dde2f
2025-05-16T20:27:53.833+07:00  INFO 16452 --- [j2ee] [restartedMain] com.zaxxer.hikari.HikariDataSource       : HikariPool-6 - Start completed.
2025-05-16T20:27:54.099+07:00  INFO 16452 --- [j2ee] [restartedMain] j.LocalContainerEntityManagerFactoryBean : Initialized JPA EntityManagerFactory for persistence unit 'default'
2025-05-16T20:27:54.358+07:00  WARN 16452 --- [j2ee] [restartedMain] JpaBaseConfiguration$JpaWebConfiguration : spring.jpa.open-in-view is enabled by default. Therefore, database queries may be performed during view rendering. Explicitly configure spring.jpa.open-in-view to disable this warning
2025-05-16T20:27:54.393+07:00  WARN 16452 --- [j2ee] [restartedMain] .s.s.UserDetailsServiceAutoConfiguration : 

Using generated security password: 9d25b0df-7e96-44a7-939d-fe56554b0a1a

This generated password is for development use only. Your security configuration must be updated before running your application in production.

2025-05-16T20:27:54.393+07:00  INFO 16452 --- [j2ee] [restartedMain] r$InitializeUserDetailsManagerConfigurer : Global AuthenticationManager configured with UserDetailsService bean with name inMemoryUserDetailsManager
2025-05-16T20:27:54.445+07:00 DEBUG 16452 --- [j2ee] [restartedMain] s.w.s.m.m.a.RequestMappingHandlerMapping : 44 mappings in 'requestMappingHandlerMapping'
2025-05-16T20:27:54.489+07:00 DEBUG 16452 --- [j2ee] [restartedMain] o.s.w.s.handler.SimpleUrlHandlerMapping  : Patterns [/webjars/**, /**] in 'resourceHandlerMapping'
2025-05-16T20:27:54.576+07:00 DEBUG 16452 --- [j2ee] [restartedMain] s.w.s.m.m.a.RequestMappingHandlerAdapter : ControllerAdvice beans: 0 @ModelAttribute, 0 @InitBinder, 1 RequestBodyAdvice, 1 ResponseBodyAdvice
2025-05-16T20:27:54.582+07:00 DEBUG 16452 --- [j2ee] [restartedMain] .m.m.a.ExceptionHandlerExceptionResolver : ControllerAdvice beans: 1 @ExceptionHandler, 1 ResponseBodyAdvice
2025-05-16T20:27:54.606+07:00 DEBUG 16452 --- [j2ee] [restartedMain] .m.m.a.ExceptionHandlerExceptionResolver : ControllerAdvice beans: 1 @ExceptionHandler, 0 ResponseBodyAdvice
2025-05-16T20:27:54.670+07:00  INFO 16452 --- [j2ee] [restartedMain] o.s.b.d.a.OptionalLiveReloadServer       : LiveReload server is running on port 35729
2025-05-16T20:27:54.679+07:00  INFO 16452 --- [j2ee] [restartedMain] o.s.b.w.embedded.tomcat.TomcatWebServer  : Tomcat started on port 8080 (http) with context path '/'
2025-05-16T20:27:54.679+07:00  INFO 16452 --- [j2ee] [restartedMain] j2ee.j2ee.J2eeApplication                : Started J2eeApplication in 1.469 seconds (process running for 489.098)
2025-05-16T20:27:54.679+07:00  INFO 16452 --- [j2ee] [restartedMain] .ConditionEvaluationDeltaLoggingListener : Condition evaluation unchanged
2025-05-16T20:28:34.350+07:00  INFO 16452 --- [j2ee] [http-nio-8080-exec-1] o.a.c.c.C.[Tomcat].[localhost].[/]       : Initializing Spring DispatcherServlet 'dispatcherServlet'
2025-05-16T20:28:34.350+07:00  INFO 16452 --- [j2ee] [http-nio-8080-exec-1] o.s.web.servlet.DispatcherServlet        : Initializing Servlet 'dispatcherServlet'
2025-05-16T20:28:34.350+07:00 DEBUG 16452 --- [j2ee] [http-nio-8080-exec-1] o.s.web.servlet.DispatcherServlet        : Detected StandardServletMultipartResolver
2025-05-16T20:28:34.350+07:00 DEBUG 16452 --- [j2ee] [http-nio-8080-exec-1] o.s.web.servlet.DispatcherServlet        : Detected AcceptHeaderLocaleResolver
2025-05-16T20:28:34.350+07:00 DEBUG 16452 --- [j2ee] [http-nio-8080-exec-1] o.s.web.servlet.DispatcherServlet        : Detected FixedThemeResolver
2025-05-16T20:28:34.350+07:00 DEBUG 16452 --- [j2ee] [http-nio-8080-exec-1] o.s.web.servlet.DispatcherServlet        : Detected org.springframework.web.servlet.view.DefaultRequestToViewNameTranslator@356ce677
2025-05-16T20:28:34.350+07:00 DEBUG 16452 --- [j2ee] [http-nio-8080-exec-1] o.s.web.servlet.DispatcherServlet        : Detected org.springframework.web.servlet.support.SessionFlashMapManager@19262bbf
2025-05-16T20:28:34.350+07:00 DEBUG 16452 --- [j2ee] [http-nio-8080-exec-1] o.s.web.servlet.DispatcherServlet        : enableLoggingRequestDetails='false': request parameters and headers will be masked to prevent unsafe logging of potentially sensitive data
2025-05-16T20:28:34.350+07:00  INFO 16452 --- [j2ee] [http-nio-8080-exec-1] o.s.web.servlet.DispatcherServlet        : Completed initialization in 0 ms
2025-05-16T20:28:34.385+07:00 DEBUG 16452 --- [j2ee] [http-nio-8080-exec-2] o.s.web.servlet.DispatcherServlet        : PUT "/api/categoryOfServices/14", parameters={multipart}
2025-05-16T20:28:34.385+07:00 DEBUG 16452 --- [j2ee] [http-nio-8080-exec-2] s.w.s.m.m.a.RequestMappingHandlerMapping : Mapped to j2ee.j2ee.apps.category_of_service.CategoryOfServiceController#updateCategory(Integer, CategoryOfServiceDTO, MultipartFile)
2025-05-16T20:28:34.385+07:00 DEBUG 16452 --- [j2ee] [http-nio-8080-exec-2] .m.m.a.RequestPartMethodArgumentResolver : Read "application/json" to [CategoryOfServiceDTO(id=null, name=admin1, imageName=null, imageType=null, image=null, status=active (truncated)...]
2025-05-16T20:28:34.385+07:00 DEBUG 16452 --- [j2ee] [http-nio-8080-exec-2] o.s.web.servlet.DispatcherServlet        : Failed to complete request: jakarta.servlet.ServletException: Handler dispatch failed: java.lang.Error: Unresolved compilation problem: 
	Type mismatch: cannot convert from ResponseEntity<CategoryOfServiceDTO> to ResponseEntity<CategoryOfServiceEntity>

2025-05-16T20:28:35.619+07:00 DEBUG 16452 --- [j2ee] [http-nio-8080-exec-3] o.s.web.servlet.DispatcherServlet        : PUT "/api/categoryOfServices/14", parameters={multipart}
2025-05-16T20:28:35.619+07:00 DEBUG 16452 --- [j2ee] [http-nio-8080-exec-3] s.w.s.m.m.a.RequestMappingHandlerMapping : Mapped to j2ee.j2ee.apps.category_of_service.CategoryOfServiceController#updateCategory(Integer, CategoryOfServiceDTO, MultipartFile)
2025-05-16T20:28:35.619+07:00 DEBUG 16452 --- [j2ee] [http-nio-8080-exec-3] .m.m.a.RequestPartMethodArgumentResolver : Read "application/json" to [CategoryOfServiceDTO(id=null, name=admin1, imageName=null, imageType=null, image=null, status=active (truncated)...]
2025-05-16T20:28:35.619+07:00 DEBUG 16452 --- [j2ee] [http-nio-8080-exec-3] o.s.web.servlet.DispatcherServlet        : Failed to complete request: jakarta.servlet.ServletException: Handler dispatch failed: java.lang.Error: Unresolved compilation problem: 
	Type mismatch: cannot convert from ResponseEntity<CategoryOfServiceDTO> to ResponseEntity<CategoryOfServiceEntity>

2025-05-16T20:28:39.632+07:00 DEBUG 16452 --- [j2ee] [http-nio-8080-exec-6] o.s.web.servlet.DispatcherServlet        : GET "/api/categoryOfServices", parameters={}
2025-05-16T20:28:39.633+07:00 DEBUG 16452 --- [j2ee] [http-nio-8080-exec-6] s.w.s.m.m.a.RequestMappingHandlerMapping : Mapped to j2ee.j2ee.apps.category_of_service.CategoryOfServiceController#getAllCategories()
2025-05-16T20:28:39.651+07:00 DEBUG 16452 --- [j2ee] [http-nio-8080-exec-6] o.s.w.s.m.m.a.HttpEntityMethodProcessor  : Using 'application/json', given [application/json, text/plain, */*] and supported [application/json, application/*+json]
2025-05-16T20:28:39.651+07:00 DEBUG 16452 --- [j2ee] [http-nio-8080-exec-6] o.s.w.s.m.m.a.HttpEntityMethodProcessor  : Writing [[CategoryOfServiceDTO(id=3, name=2, imageName=null, imageType=null, image=null, status=active), Cate (truncated)...]
2025-05-16T20:28:39.660+07:00 DEBUG 16452 --- [j2ee] [http-nio-8080-exec-6] o.s.web.servlet.DispatcherServlet        : Completed 200 OK
2025-05-16T20:28:39.684+07:00 DEBUG 16452 --- [j2ee] [http-nio-8080-exec-5] o.s.web.servlet.DispatcherServlet        : GET "/api/categoryOfServices/8/image", parameters={}
2025-05-16T20:28:39.701+07:00 DEBUG 16452 --- [j2ee] [http-nio-8080-exec-5] s.w.s.m.m.a.RequestMappingHandlerMapping : Mapped to j2ee.j2ee.apps.category_of_service.CategoryOfServiceController#getImageByCategoryOfServiceId(int)
2025-05-16T20:28:39.702+07:00 DEBUG 16452 --- [j2ee] [http-nio-8080-exec-4] o.s.web.servlet.DispatcherServlet        : GET "/api/categoryOfServices/4/image", parameters={}
2025-05-16T20:28:39.702+07:00 DEBUG 16452 --- [j2ee] [http-nio-8080-exec-9] o.s.web.servlet.DispatcherServlet        : GET "/api/categoryOfServices/10/image", parameters={}
2025-05-16T20:28:39.703+07:00 DEBUG 16452 --- [j2ee] [http-nio-8080-exec-9] s.w.s.m.m.a.RequestMappingHandlerMapping : Mapped to j2ee.j2ee.apps.category_of_service.CategoryOfServiceController#getImageByCategoryOfServiceId(int)
2025-05-16T20:28:39.703+07:00 DEBUG 16452 --- [j2ee] [http-nio-8080-exec-4] s.w.s.m.m.a.RequestMappingHandlerMapping : Mapped to j2ee.j2ee.apps.category_of_service.CategoryOfServiceController#getImageByCategoryOfServiceId(int)
2025-05-16T20:28:39.709+07:00 DEBUG 16452 --- [j2ee] [http-nio-8080-exec-2] o.s.web.servlet.DispatcherServlet        : GET "/api/categoryOfServices/3/image", parameters={}
2025-05-16T20:28:39.709+07:00 DEBUG 16452 --- [j2ee] [http-nio-8080-exec-2] s.w.s.m.m.a.RequestMappingHandlerMapping : Mapped to j2ee.j2ee.apps.category_of_service.CategoryOfServiceController#getImageByCategoryOfServiceId(int)
2025-05-16T20:28:39.710+07:00 DEBUG 16452 --- [j2ee] [http-nio-8080-exec-3] o.s.web.servlet.DispatcherServlet        : GET "/api/categoryOfServices/5/image", parameters={}
2025-05-16T20:28:39.713+07:00 DEBUG 16452 --- [j2ee] [http-nio-8080-exec-5] o.s.web.servlet.DispatcherServlet        : Failed to complete request: org.springframework.http.InvalidMediaTypeException: Invalid mime type "null": 'mimeType' must not be empty
2025-05-16T20:28:39.714+07:00 DEBUG 16452 --- [j2ee] [http-nio-8080-exec-9] o.s.web.servlet.DispatcherServlet        : Failed to complete request: org.springframework.http.InvalidMediaTypeException: Invalid mime type "null": 'mimeType' must not be empty
2025-05-16T20:28:39.714+07:00 DEBUG 16452 --- [j2ee] [http-nio-8080-exec-3] s.w.s.m.m.a.RequestMappingHandlerMapping : Mapped to j2ee.j2ee.apps.category_of_service.CategoryOfServiceController#getImageByCategoryOfServiceId(int)
2025-05-16T20:28:39.727+07:00 DEBUG 16452 --- [j2ee] [http-nio-8080-exec-10] o.s.web.servlet.DispatcherServlet        : GET "/api/categoryOfServices/6/image", parameters={}
2025-05-16T20:28:39.729+07:00 DEBUG 16452 --- [j2ee] [http-nio-8080-exec-3] o.s.web.servlet.DispatcherServlet        : Failed to complete request: org.springframework.http.InvalidMediaTypeException: Invalid mime type "null": 'mimeType' must not be empty
2025-05-16T20:28:39.730+07:00 DEBUG 16452 --- [j2ee] [http-nio-8080-exec-2] o.s.w.s.m.m.a.HttpEntityMethodProcessor  : Found 'Content-Type:image/png' in response
2025-05-16T20:28:39.730+07:00 DEBUG 16452 --- [j2ee] [http-nio-8080-exec-9] o.s.web.servlet.DispatcherServlet        : GET "/api/categoryOfServices/7/image", parameters={}
2025-05-16T20:28:39.730+07:00 DEBUG 16452 --- [j2ee] [http-nio-8080-exec-10] s.w.s.m.m.a.RequestMappingHandlerMapping : Mapped to j2ee.j2ee.apps.category_of_service.CategoryOfServiceController#getImageByCategoryOfServiceId(int)
2025-05-16T20:28:39.732+07:00 DEBUG 16452 --- [j2ee] [http-nio-8080-exec-4] o.s.web.servlet.DispatcherServlet        : Failed to complete request: org.springframework.http.InvalidMediaTypeException: Invalid mime type "null": 'mimeType' must not be empty
2025-05-16T20:28:39.736+07:00 DEBUG 16452 --- [j2ee] [http-nio-8080-exec-9] s.w.s.m.m.a.RequestMappingHandlerMapping : Mapped to j2ee.j2ee.apps.category_of_service.CategoryOfServiceController#getImageByCategoryOfServiceId(int)
2025-05-16T20:28:39.737+07:00 DEBUG 16452 --- [j2ee] [http-nio-8080-exec-2] o.s.w.s.m.m.a.HttpEntityMethodProcessor  : Writing [{-119, 80, 78, 71, 13, 10, 26, 10, 0, 0, 0, 13, 73, 72, 68, 82, 0, 0, 0, -56, 0, 0, 0, -56, 8, 3, 0, (truncated)...]
2025-05-16T20:28:39.741+07:00 DEBUG 16452 --- [j2ee] [http-nio-8080-exec-1] o.s.web.servlet.DispatcherServlet        : GET "/api/categoryOfServices/12/image", parameters={}
2025-05-16T20:28:39.741+07:00 DEBUG 16452 --- [j2ee] [http-nio-8080-exec-8] o.s.web.servlet.DispatcherServlet        : GET "/api/categoryOfServices/11/image", parameters={}
2025-05-16T20:28:39.743+07:00 DEBUG 16452 --- [j2ee] [http-nio-8080-exec-9] o.s.web.servlet.DispatcherServlet        : Failed to complete request: org.springframework.http.InvalidMediaTypeException: Invalid mime type "null": 'mimeType' must not be empty
2025-05-16T20:28:39.743+07:00 DEBUG 16452 --- [j2ee] [http-nio-8080-exec-10] o.s.web.servlet.DispatcherServlet        : Failed to complete request: org.springframework.http.InvalidMediaTypeException: Invalid mime type "null": 'mimeType' must not be empty
2025-05-16T20:28:39.743+07:00 DEBUG 16452 --- [j2ee] [http-nio-8080-exec-8] s.w.s.m.m.a.RequestMappingHandlerMapping : Mapped to j2ee.j2ee.apps.category_of_service.CategoryOfServiceController#getImageByCategoryOfServiceId(int)
2025-05-16T20:28:39.743+07:00 DEBUG 16452 --- [j2ee] [http-nio-8080-exec-2] o.s.web.servlet.DispatcherServlet        : Completed 200 OK
2025-05-16T20:28:39.745+07:00 DEBUG 16452 --- [j2ee] [http-nio-8080-exec-1] s.w.s.m.m.a.RequestMappingHandlerMapping : Mapped to j2ee.j2ee.apps.category_of_service.CategoryOfServiceController#getImageByCategoryOfServiceId(int)
2025-05-16T20:28:39.750+07:00 DEBUG 16452 --- [j2ee] [http-nio-8080-exec-1] o.s.web.servlet.DispatcherServlet        : Failed to complete request: org.springframework.http.InvalidMediaTypeException: Invalid mime type "null": 'mimeType' must not be empty
2025-05-16T20:28:39.753+07:00 DEBUG 16452 --- [j2ee] [http-nio-8080-exec-8] o.s.web.servlet.DispatcherServlet        : Failed to complete request: org.springframework.http.InvalidMediaTypeException: Invalid mime type "null": 'mimeType' must not be empty
2025-05-16T20:28:39.753+07:00 DEBUG 16452 --- [j2ee] [http-nio-8080-exec-6] o.s.web.servlet.DispatcherServlet        : GET "/api/categoryOfServices/9/image", parameters={}
2025-05-16T20:28:39.753+07:00 DEBUG 16452 --- [j2ee] [http-nio-8080-exec-5] o.s.web.servlet.DispatcherServlet        : GET "/api/categoryOfServices/15/image", parameters={}
2025-05-16T20:28:39.755+07:00 DEBUG 16452 --- [j2ee] [http-nio-8080-exec-5] s.w.s.m.m.a.RequestMappingHandlerMapping : Mapped to j2ee.j2ee.apps.category_of_service.CategoryOfServiceController#getImageByCategoryOfServiceId(int)
2025-05-16T20:28:39.755+07:00 DEBUG 16452 --- [j2ee] [http-nio-8080-exec-7] o.s.web.servlet.DispatcherServlet        : GET "/api/categoryOfServices/13/image", parameters={}
2025-05-16T20:28:39.755+07:00 DEBUG 16452 --- [j2ee] [http-nio-8080-exec-6] s.w.s.m.m.a.RequestMappingHandlerMapping : Mapped to j2ee.j2ee.apps.category_of_service.CategoryOfServiceController#getImageByCategoryOfServiceId(int)
2025-05-16T20:28:39.755+07:00 DEBUG 16452 --- [j2ee] [http-nio-8080-exec-7] s.w.s.m.m.a.RequestMappingHandlerMapping : Mapped to j2ee.j2ee.apps.category_of_service.CategoryOfServiceController#getImageByCategoryOfServiceId(int)
2025-05-16T20:28:39.757+07:00 DEBUG 16452 --- [j2ee] [http-nio-8080-exec-4] o.s.web.servlet.DispatcherServlet        : GET "/api/categoryOfServices/16/image", parameters={}
2025-05-16T20:28:39.757+07:00 DEBUG 16452 --- [j2ee] [http-nio-8080-exec-2] o.s.web.servlet.DispatcherServlet        : GET "/api/categoryOfServices/14/image", parameters={}
2025-05-16T20:28:39.757+07:00 DEBUG 16452 --- [j2ee] [http-nio-8080-exec-4] s.w.s.m.m.a.RequestMappingHandlerMapping : Mapped to j2ee.j2ee.apps.category_of_service.CategoryOfServiceController#getImageByCategoryOfServiceId(int)
2025-05-16T20:28:39.759+07:00 DEBUG 16452 --- [j2ee] [http-nio-8080-exec-6] o.s.web.servlet.DispatcherServlet        : Failed to complete request: org.springframework.http.InvalidMediaTypeException: Invalid mime type "null": 'mimeType' must not be empty
2025-05-16T20:28:39.759+07:00 DEBUG 16452 --- [j2ee] [http-nio-8080-exec-7] o.s.web.servlet.DispatcherServlet        : Failed to complete request: org.springframework.http.InvalidMediaTypeException: Invalid mime type "null": 'mimeType' must not be empty
2025-05-16T20:28:39.759+07:00 DEBUG 16452 --- [j2ee] [http-nio-8080-exec-5] o.s.w.s.m.m.a.HttpEntityMethodProcessor  : Found 'Content-Type:image/png' in response
2025-05-16T20:28:39.759+07:00 DEBUG 16452 --- [j2ee] [http-nio-8080-exec-2] s.w.s.m.m.a.RequestMappingHandlerMapping : Mapped to j2ee.j2ee.apps.category_of_service.CategoryOfServiceController#getImageByCategoryOfServiceId(int)
2025-05-16T20:28:39.761+07:00 DEBUG 16452 --- [j2ee] [http-nio-8080-exec-5] o.s.w.s.m.m.a.HttpEntityMethodProcessor  : Writing [{-119, 80, 78, 71, 13, 10, 26, 10, 0, 0, 0, 13, 73, 72, 68, 82, 0, 0, 0, -56, 0, 0, 0, -56, 8, 3, 0, (truncated)...]
2025-05-16T20:28:39.761+07:00 DEBUG 16452 --- [j2ee] [http-nio-8080-exec-5] o.s.web.servlet.DispatcherServlet        : Completed 200 OK
2025-05-16T20:28:39.764+07:00 DEBUG 16452 --- [j2ee] [http-nio-8080-exec-4] o.s.w.s.m.m.a.HttpEntityMethodProcessor  : Found 'Content-Type:image/png' in response
2025-05-16T20:28:39.764+07:00 DEBUG 16452 --- [j2ee] [http-nio-8080-exec-4] o.s.w.s.m.m.a.HttpEntityMethodProcessor  : Writing [{-119, 80, 78, 71, 13, 10, 26, 10, 0, 0, 0, 13, 73, 72, 68, 82, 0, 0, 0, -56, 0, 0, 0, -56, 8, 3, 0, (truncated)...]
2025-05-16T20:28:39.766+07:00 DEBUG 16452 --- [j2ee] [http-nio-8080-exec-2] o.s.web.servlet.DispatcherServlet        : Failed to complete request: org.springframework.http.InvalidMediaTypeException: Invalid mime type "null": 'mimeType' must not be empty
2025-05-16T20:28:39.765+07:00 DEBUG 16452 --- [j2ee] [http-nio-8080-exec-4] o.s.web.servlet.DispatcherServlet        : Completed 200 OK
2025-05-16T20:28:45.063+07:00 DEBUG 16452 --- [j2ee] [http-nio-8080-exec-9] o.s.web.servlet.DispatcherServlet        : PUT "/api/categoryOfServices/14", parameters={multipart}
2025-05-16T20:28:45.068+07:00 DEBUG 16452 --- [j2ee] [http-nio-8080-exec-9] s.w.s.m.m.a.RequestMappingHandlerMapping : Mapped to j2ee.j2ee.apps.category_of_service.CategoryOfServiceController#updateCategory(Integer, CategoryOfServiceDTO, MultipartFile)
2025-05-16T20:28:45.071+07:00 DEBUG 16452 --- [j2ee] [http-nio-8080-exec-9] .m.m.a.RequestPartMethodArgumentResolver : Read "application/json" to [CategoryOfServiceDTO(id=null, name=admin1, imageName=null, imageType=null, image=null, status=active (truncated)...]
2025-05-16T20:28:45.073+07:00 DEBUG 16452 --- [j2ee] [http-nio-8080-exec-9] o.s.web.servlet.DispatcherServlet        : Failed to complete request: jakarta.servlet.ServletException: Handler dispatch failed: java.lang.Error: Unresolved compilation problem: 
	Type mismatch: cannot convert from ResponseEntity<CategoryOfServiceDTO> to ResponseEntity<CategoryOfServiceEntity>

2025-05-16T20:28:55.404+07:00 DEBUG 16452 --- [j2ee] [http-nio-8080-exec-2] o.s.web.servlet.DispatcherServlet        : PUT "/api/categoryOfServices/14", parameters={multipart}
2025-05-16T20:28:55.406+07:00 DEBUG 16452 --- [j2ee] [http-nio-8080-exec-2] s.w.s.m.m.a.RequestMappingHandlerMapping : Mapped to j2ee.j2ee.apps.category_of_service.CategoryOfServiceController#updateCategory(Integer, CategoryOfServiceDTO, MultipartFile)
2025-05-16T20:28:55.406+07:00 DEBUG 16452 --- [j2ee] [http-nio-8080-exec-2] .m.m.a.RequestPartMethodArgumentResolver : Read "application/json" to [CategoryOfServiceDTO(id=null, name=admin1, imageName=null, imageType=null, image=null, status=active (truncated)...]
2025-05-16T20:28:55.406+07:00 DEBUG 16452 --- [j2ee] [http-nio-8080-exec-2] o.s.web.servlet.DispatcherServlet        : Failed to complete request: jakarta.servlet.ServletException: Handler dispatch failed: java.lang.Error: Unresolved compilation problem: 
	Type mismatch: cannot convert from ResponseEntity<CategoryOfServiceDTO> to ResponseEntity<CategoryOfServiceEntity>

2025-05-16T20:29:25.043+07:00  INFO 16452 --- [j2ee] [File Watcher] rtingClassPathChangeChangedEventListener : Restarting due to 1 class path change (0 additions, 0 deletions, 1 modification)
2025-05-16T20:29:25.046+07:00  INFO 16452 --- [j2ee] [Thread-23] o.s.b.w.e.tomcat.GracefulShutdown        : Commencing graceful shutdown. Waiting for active requests to complete
2025-05-16T20:29:25.059+07:00  INFO 16452 --- [j2ee] [tomcat-shutdown] o.s.b.w.e.tomcat.GracefulShutdown        : Graceful shutdown complete
2025-05-16T20:29:25.069+07:00  INFO 16452 --- [j2ee] [Thread-23] j.LocalContainerEntityManagerFactoryBean : Closing JPA EntityManagerFactory for persistence unit 'default'
2025-05-16T20:29:25.069+07:00  INFO 16452 --- [j2ee] [Thread-23] com.zaxxer.hikari.HikariDataSource       : HikariPool-6 - Shutdown initiated...
2025-05-16T20:29:25.075+07:00  INFO 16452 --- [j2ee] [Thread-23] com.zaxxer.hikari.HikariDataSource       : HikariPool-6 - Shutdown completed.
